<?xml version="1.0" encoding="UTF-8"?>
<!-- Generated by org.testng.reporters.JUnitReportReporter -->
<testsuite hostname="vmgdigitals-MacBook-Pro.local" failures="0" tests="3" name="com.crm.qa.testcases.ArticleTest" time="27.008" errors="0" timestamp="15 Nov 2021 02:49:33 GMT" skipped="0">
  <testcase classname="com.crm.qa.testcases.ArticleTest" name="likeArticle" time="6.907"/>
  <testcase classname="com.crm.qa.testcases.ArticleTest" name="editArticle" time="11.196"/>
  <testcase classname="com.crm.qa.testcases.ArticleTest" name="createNewArticle" time="8.905"/>
</testsuite> <!-- com.crm.qa.testcases.ArticleTest -->
