<?xml version="1.0" encoding="UTF-8"?>
<!-- Generated by org.testng.reporters.JUnitReportReporter -->
<testsuite hostname="vmgdigitals-MacBook-Pro.local" failures="0" tests="2" name="com.crm.qa.testcases.QaLoginTest" time="16.350" errors="0" timestamp="15 Nov 2021 02:49:33 GMT" skipped="0">
  <testcase classname="com.crm.qa.testcases.QaLoginTest" name="loginTestWithWrongpassword" time="6.939"/>
  <testcase classname="com.crm.qa.testcases.QaLoginTest" name="loginTest" time="9.411"/>
</testsuite> <!-- com.crm.qa.testcases.QaLoginTest -->
