<?xml version="1.0" encoding="UTF-8"?>
<!-- Generated by org.testng.reporters.JUnitReportReporter -->
<testsuite hostname="vmgdigitals-MacBook-Pro.local" failures="0" tests="2" name="com.crm.qa.testcases.SignUpTest" time="22.030" errors="0" timestamp="15 Nov 2021 02:49:33 GMT" skipped="0">
  <testcase classname="com.crm.qa.testcases.SignUpTest" name="signUpWithoutUserName" time="8.552"/>
  <testcase classname="com.crm.qa.testcases.SignUpTest" name="signUpwithnewCreds" time="13.478"/>
</testsuite> <!-- com.crm.qa.testcases.SignUpTest -->
